Tue Feb 06 2018 21:51:39 GMT-0500 (EST) |   Server started, listening on 8081
Tue Feb 06 2018 21:53:08 GMT-0500 (EST) |   Server started, listening on 8081
Tue Feb 06 2018 21:53:27 GMT-0500 (EST) |   Server started, listening on 8081
Tue Feb 06 2018 21:53:36 GMT-0500 (EST) |   JsonWebTokenError: jwt must be provided
Tue Feb 06 2018 21:53:59 GMT-0500 (EST) |   JsonWebTokenError: jwt must be provided
Tue Feb 06 2018 21:55:20 GMT-0500 (EST) |   JsonWebTokenError: jwt must be provided
Tue Feb 06 2018 21:56:55 GMT-0500 (EST) |   Server started, listening on 8081
Tue Feb 06 2018 21:57:00 GMT-0500 (EST) |   QueryError: select `user`.*, `admin`.`admin_id`, `teacher`.`teacher_id`, `parent`.`parent_id`, `grade`.* from `user` left join `admin` on `user`.`user_id` = `admin`.`user_id` left join `teacher` on `user`.`user_id` = `teacher`.`user_id` left join `parent` on `user`.`user_id` = `parent`.`user_id` inner join `grade` on `user`.`grade_id` = `grade`.`grade_id` where `teacher`.`teacher_id` is not null - ER_BAD_FIELD_ERROR: Unknown column 'user.grade_id' in 'on clause'
Tue Feb 06 2018 21:57:16 GMT-0500 (EST) |   QueryError: select `user`.*, `admin`.`admin_id`, `teacher`.`teacher_id`, `parent`.`parent_id`, `grade`.* from `user` left join `admin` on `user`.`user_id` = `admin`.`user_id` left join `teacher` on `user`.`user_id` = `teacher`.`user_id` left join `parent` on `user`.`user_id` = `parent`.`user_id` inner join `grade` on `user`.`grade_id` = `grade`.`grade_id` where `user`.`user_id` is not null - ER_BAD_FIELD_ERROR: Unknown column 'user.grade_id' in 'on clause'
Tue Feb 06 2018 21:57:34 GMT-0500 (EST) |   Server started, listening on 8081
Tue Feb 06 2018 21:57:49 GMT-0500 (EST) |   Server started, listening on 8081
Tue Feb 06 2018 21:58:57 GMT-0500 (EST) |   Server started, listening on 8081
Tue Feb 06 2018 22:06:23 GMT-0500 (EST) |   Server started, listening on 8081
Tue Feb 06 2018 22:21:12 GMT-0500 (EST) |   Server started, listening on 8081
Tue Feb 06 2018 22:21:33 GMT-0500 (EST) |   Server started, listening on 8081
Tue Feb 06 2018 22:21:40 GMT-0500 (EST) |   Server started, listening on 8081
Tue Feb 06 2018 22:21:54 GMT-0500 (EST) |   Server started, listening on 8081
Tue Feb 06 2018 22:29:11 GMT-0500 (EST) |   Server started, listening on 8081
Tue Feb 06 2018 22:46:45 GMT-0500 (EST) |   Server started, listening on 8081
Tue Feb 06 2018 22:57:35 GMT-0500 (EST) |   Server started, listening on 8081
Thu Feb 08 2018 14:53:34 GMT-0500 (EST) |   Server started, listening on 8081
Sat Feb 10 2018 17:48:55 GMT-0500 (EST) |   Server started, listening on 8081
Sat Feb 10 2018 17:50:24 GMT-0500 (EST) |   Server started, listening on 8081
Sat Feb 10 2018 17:51:54 GMT-0500 (EST) |   Server started, listening on 8081
Wed Feb 14 2018 13:23:25 GMT-0500 (EST) |   Server started, listening on 8081
